I, [2023-04-19T00:14:40.906506 #55819]  INFO -- Kitchen: -----> Starting Test Kitchen (v3.5.0)
I, [2023-04-19T00:14:41.449829 #55819]  INFO -- Kitchen: -----> Cleaning up any prior instances of <default-Ubuntu>
I, [2023-04-19T00:14:41.450598 #55819]  INFO -- Kitchen: -----> Destroying <default-Ubuntu>...
I, [2023-04-19T00:14:41.452192 #55819]  INFO -- Kitchen: -----> Testing <default-Ubuntu>
I, [2023-04-19T00:14:41.452599 #55819]  INFO -- Kitchen: -----> Creating <default-Ubuntu>...
I, [2023-04-19T00:14:41.834739 #55819]  INFO -- Kitchen: #1 [internal] load build definition from Dockerfile-kitchen20230419-55819-7h1z84
I, [2023-04-19T00:14:41.835088 #55819]  INFO -- Kitchen: #1 transferring dockerfile: 1.52kB done
I, [2023-04-19T00:14:41.835742 #55819]  INFO -- Kitchen: #1 DONE 0.0s
I, [2023-04-19T00:14:41.836133 #55819]  INFO -- Kitchen: 
I, [2023-04-19T00:14:41.836616 #55819]  INFO -- Kitchen: #2 [internal] load .dockerignore
I, [2023-04-19T00:14:41.837097 #55819]  INFO -- Kitchen: #2 transferring context: 2B done
I, [2023-04-19T00:14:41.837587 #55819]  INFO -- Kitchen: #2 DONE 0.0s
I, [2023-04-19T00:14:41.838036 #55819]  INFO -- Kitchen: 
I, [2023-04-19T00:14:41.838431 #55819]  INFO -- Kitchen: #3 [internal] load metadata for docker.io/library/ubuntu:20.04
I, [2023-04-19T00:14:42.833926 #55819]  INFO -- Kitchen: #3 DONE 1.1s
I, [2023-04-19T00:14:42.833987 #55819]  INFO -- Kitchen: 
I, [2023-04-19T00:14:42.834013 #55819]  INFO -- Kitchen: #4 [ 1/15] FROM docker.io/library/ubuntu:20.04@sha256:db8bf6f4fb351aa7a26e27ba2686cf35a6a409f65603e59d4c203e58387dc6b3
I, [2023-04-19T00:14:42.834034 #55819]  INFO -- Kitchen: #4 DONE 0.0s
I, [2023-04-19T00:14:42.834052 #55819]  INFO -- Kitchen: 
I, [2023-04-19T00:14:42.834077 #55819]  INFO -- Kitchen: #5 [ 5/15] RUN if ! getent passwd kitchen; then                   useradd -d /home/kitchen -m -s /bin/bash -p '*' kitchen;                 fi
I, [2023-04-19T00:14:42.834097 #55819]  INFO -- Kitchen: #5 CACHED
I, [2023-04-19T00:14:42.834119 #55819]  INFO -- Kitchen: 
I, [2023-04-19T00:14:42.834138 #55819]  INFO -- Kitchen: #6 [ 3/15] RUN apt-get update
I, [2023-04-19T00:14:42.834159 #55819]  INFO -- Kitchen: #6 CACHED
I, [2023-04-19T00:14:42.834178 #55819]  INFO -- Kitchen: 
I, [2023-04-19T00:14:42.834200 #55819]  INFO -- Kitchen: #7 [11/15] RUN touch /home/kitchen/.ssh/authorized_keys
I, [2023-04-19T00:14:42.834286 #55819]  INFO -- Kitchen: #7 CACHED
I, [2023-04-19T00:14:42.834306 #55819]  INFO -- Kitchen: 
I, [2023-04-19T00:14:42.834329 #55819]  INFO -- Kitchen: #8 [14/15] RUN mkdir -p /run/sshd
I, [2023-04-19T00:14:42.834347 #55819]  INFO -- Kitchen: #8 CACHED
I, [2023-04-19T00:14:42.834368 #55819]  INFO -- Kitchen: 
I, [2023-04-19T00:14:42.834387 #55819]  INFO -- Kitchen: #9 [12/15] RUN chown kitchen /home/kitchen/.ssh/authorized_keys
I, [2023-04-19T00:14:42.834409 #55819]  INFO -- Kitchen: #9 CACHED
I, [2023-04-19T00:14:42.834428 #55819]  INFO -- Kitchen: 
I, [2023-04-19T00:14:42.834499 #55819]  INFO -- Kitchen: #10 [ 4/15] RUN apt-get install -y sudo openssh-server curl lsb-release
I, [2023-04-19T00:14:42.834523 #55819]  INFO -- Kitchen: #10 CACHED
I, [2023-04-19T00:14:42.834542 #55819]  INFO -- Kitchen: 
I, [2023-04-19T00:14:42.834560 #55819]  INFO -- Kitchen: #11 [ 7/15] RUN echo "Defaults !requiretty" >> /etc/sudoers.d/kitchen
I, [2023-04-19T00:14:42.834582 #55819]  INFO -- Kitchen: #11 CACHED
I, [2023-04-19T00:14:42.834621 #55819]  INFO -- Kitchen: 
I, [2023-04-19T00:14:42.834641 #55819]  INFO -- Kitchen: #12 [ 2/15] RUN [ ! -f "/sbin/initctl" ] || dpkg-divert --local --rename --add /sbin/initctl                 && ln -sf /bin/true /sbin/initctl
I, [2023-04-19T00:14:42.834664 #55819]  INFO -- Kitchen: #12 CACHED
I, [2023-04-19T00:14:42.834682 #55819]  INFO -- Kitchen: 
I, [2023-04-19T00:14:42.834700 #55819]  INFO -- Kitchen: #13 [ 6/15] RUN echo "kitchen ALL=(ALL) NOPASSWD: ALL" >> /etc/sudoers.d/kitchen
I, [2023-04-19T00:14:42.834722 #55819]  INFO -- Kitchen: #13 CACHED
I, [2023-04-19T00:14:42.834740 #55819]  INFO -- Kitchen: 
I, [2023-04-19T00:14:42.834758 #55819]  INFO -- Kitchen: #14 [10/15] RUN chmod 0700 /home/kitchen/.ssh
I, [2023-04-19T00:14:42.834823 #55819]  INFO -- Kitchen: #14 CACHED
I, [2023-04-19T00:14:42.834843 #55819]  INFO -- Kitchen: 
I, [2023-04-19T00:14:42.834861 #55819]  INFO -- Kitchen: #15 [ 9/15] RUN chown -R kitchen /home/kitchen/.ssh
I, [2023-04-19T00:14:42.834879 #55819]  INFO -- Kitchen: #15 CACHED
I, [2023-04-19T00:14:42.834901 #55819]  INFO -- Kitchen: 
I, [2023-04-19T00:14:42.834919 #55819]  INFO -- Kitchen: #16 [13/15] RUN chmod 0600 /home/kitchen/.ssh/authorized_keys
I, [2023-04-19T00:14:42.834940 #55819]  INFO -- Kitchen: #16 CACHED
I, [2023-04-19T00:14:42.834958 #55819]  INFO -- Kitchen: 
I, [2023-04-19T00:14:42.835004 #55819]  INFO -- Kitchen: #17 [ 8/15] RUN mkdir -p /home/kitchen/.ssh
I, [2023-04-19T00:14:42.835023 #55819]  INFO -- Kitchen: #17 CACHED
I, [2023-04-19T00:14:42.835041 #55819]  INFO -- Kitchen: 
I, [2023-04-19T00:14:42.835060 #55819]  INFO -- Kitchen: #18 [15/15] RUN echo ssh-rsa AAAAB3NzaC1yc2EAAAADAQABAAABAQCYZnFCnF7mfIkZZAY1Hyh+96sQQuwe5zzDN9+nND0oRtPEx1+3dApSn2XPWqG7bX/kLbSma1ar9GCQzvEZwzPzjpj4PvMh9Lrao/mvM0OXoSp1zOfA+pyTTVnH3eCTwPq5dq4uGvT3g33Oew/dY/91xFSmjnH27d5wP0DwY9bM7/hdldSQmhmM4ycGNkOJcnIxT5G5jC5McAqiTTO4EioBgYxUfBEH2PNpIPtjcB25klWHXOKMr4GGsC7dTbg3oPlfGasZyNfsSQxJ7q28z7pxSnJBwkpVAKcuDfwac7QpBqWVdD5A84XDszsw5yt5bo7XfT6lRf9vqUTEq09BbW5N kitchen_docker_key >> /home/kitchen/.ssh/authorized_keys
I, [2023-04-19T00:14:42.835082 #55819]  INFO -- Kitchen: #18 CACHED
I, [2023-04-19T00:14:42.835100 #55819]  INFO -- Kitchen: 
I, [2023-04-19T00:14:42.835118 #55819]  INFO -- Kitchen: #19 exporting to image
I, [2023-04-19T00:14:42.835136 #55819]  INFO -- Kitchen: #19 exporting layers done
I, [2023-04-19T00:14:42.835177 #55819]  INFO -- Kitchen: #19 writing image sha256:4ddae6d4951948ecb1ecc65bbf3c0dfc1e1ab65f93b61b8f3152259c8b97ecef done
I, [2023-04-19T00:14:42.835196 #55819]  INFO -- Kitchen: #19 DONE 0.0s
I, [2023-04-19T00:14:42.999160 #55819]  INFO -- Kitchen: cc80f12bcfc6844616a8e6f343b67169e007b994bf91ac8cdace59f2fd8d26a4
I, [2023-04-19T00:14:43.570434 #55819]  INFO -- Kitchen: 0.0.0.0:32773
I, [2023-04-19T00:14:43.570509 #55819]  INFO -- Kitchen: [::]:32773
I, [2023-04-19T00:14:43.676635 #55819]  INFO -- Kitchen: -----> Converging <default-Ubuntu>...
I, [2023-04-19T00:21:10.014518 #55819]  INFO -- Kitchen: -----> Setting up <default-Ubuntu>...
I, [2023-04-19T00:21:10.016220 #55819]  INFO -- Kitchen: -----> Verifying <default-Ubuntu>...
I, [2023-04-19T00:21:19.431165 #55819]  INFO -- Kitchen: -----> Destroying <default-Ubuntu>...
I, [2023-04-19T00:21:19.431467 #55819]  INFO -- Kitchen: [Docker] Destroying Docker container cc80f12bcfc6844616a8e6f343b67169e007b994bf91ac8cdace59f2fd8d26a4
I, [2023-04-19T00:21:19.527110 #55819]  INFO -- Kitchen: UID                 PID                 PPID                C                   STIME               TTY                 TIME                CMD
I, [2023-04-19T00:21:19.527188 #55819]  INFO -- Kitchen: root                55986               55959               0                   00:14               ?                   00:00:00            sshd: /usr/sbin/sshd -D -o UseDNS=no -o UsePAM=no -o PasswordAuthentication=yes -o UsePrivilegeSeparation=no -o PidFile=/tmp/sshd.pid [listener] 0 of 10-100 startups
I, [2023-04-19T00:21:19.527228 #55819]  INFO -- Kitchen: root                56039               55986               0                   00:14               ?                   00:00:00            sshd: kitchen [priv]
I, [2023-04-19T00:21:19.527276 #55819]  INFO -- Kitchen: vagrant             56041               56039               0                   00:14               ?                   00:00:00            sshd: kitchen@notty
I, [2023-04-19T00:21:19.527306 #55819]  INFO -- Kitchen: root                58829               55986               0                   00:21               ?                   00:00:00            nginx: master process /usr/sbin/nginx
I, [2023-04-19T00:21:19.527352 #55819]  INFO -- Kitchen: www-data            58830               58829               0                   00:21               ?                   00:00:00            nginx: worker process
I, [2023-04-19T00:21:20.029751 #55819]  INFO -- Kitchen: cc80f12bcfc6844616a8e6f343b67169e007b994bf91ac8cdace59f2fd8d26a4
I, [2023-04-19T00:21:21.002413 #55819]  INFO -- Kitchen: cc80f12bcfc6844616a8e6f343b67169e007b994bf91ac8cdace59f2fd8d26a4
I, [2023-04-19T00:21:21.017185 #55819]  INFO -- Kitchen: -----> Test Kitchen is finished. (6m40.11s)
